---
  0 debug pnpm:scope: 
    selected: 1
    workspacePrefix: null
  1 info pnpm: 
    message: "A store server is running. All store manipulations are delegated to it."
    prefix: "/app"
  2 debug pnpm:package-json: 
    initial: 
      name: "mi-proyecto-glitch"
      version: "1.0.0"
      description: "Descripción de mi proyecto Glitch"
      main: "server.js"
      scripts: 
        start: "node server.js"
      engines: 
        node: "12.x"
      repository: 
        type: "git"
        url: "git+https://github.com/tu-usuario/tu-repositorio.git"
      license: "MIT"
      dependencies: 
        express: "^4.18.3"
      directories: 
        public: "public"
      gitHead: "4af0efadbc4f1eeae4efe468798711540459b671"
      bugs: 
        url: "https://github.com/tu-usuario/tu-repositorio/issues"
      readme: "ERROR: No README data found!"
      homepage: "https://github.com/tu-usuario/tu-repositorio#readme"
      _id: "mi-proyecto-glitch@1.0.0"
    prefix: "/app"
  3 debug pnpm:stage: 
    prefix: "/app"
    stage: "resolution_started"
  4 debug pnpm:progress: 
    packageId: "registry.npmjs.org/express/4.18.3"
    requester: "/app"
    status: "resolved"
  5 debug pnpm:progress: 
    packageId: "registry.npmjs.org/express/4.18.3"
    requester: "/app"
    status: "found_in_store"
  6 debug pnpm:progress: 
    packageId: "registry.npmjs.org/accepts/1.3.8"
    requester: "/app"
    status: "resolved"
  7 debug pnpm:progress: 
    packageId: "registry.npmjs.org/array-flatten/1.1.1"
    requester: "/app"
    status: "resolved"
  8 debug pnpm:progress: 
    packageId: "registry.npmjs.org/content-type/1.0.5"
    requester: "/app"
    status: "resolved"
  9 debug pnpm:progress: 
    packageId: "registry.npmjs.org/encodeurl/1.0.2"
    requester: "/app"
    status: "resolved"
  10 debug pnpm:progress: 
    packageId: "registry.npmjs.org/escape-html/1.0.3"
    requester: "/app"
    status: "resolved"
  11 debug pnpm:progress: 
    packageId: "registry.npmjs.org/etag/1.8.1"
    requester: "/app"
    status: "resolved"
  12 debug pnpm:progress: 
    packageId: "registry.npmjs.org/methods/1.1.2"
    requester: "/app"
    status: "resolved"
  13 debug pnpm:progress: 
    packageId: "registry.npmjs.org/parseurl/1.3.3"
    requester: "/app"
    status: "resolved"
  14 debug pnpm:progress: 
    packageId: "registry.npmjs.org/proxy-addr/2.0.7"
    requester: "/app"
    status: "resolved"
  15 debug pnpm:progress: 
    packageId: "registry.npmjs.org/range-parser/1.2.1"
    requester: "/app"
    status: "resolved"
  16 debug pnpm:progress: 
    packageId: "registry.npmjs.org/type-is/1.6.18"
    requester: "/app"
    status: "resolved"
  17 debug pnpm:progress: 
    packageId: "registry.npmjs.org/vary/1.1.2"
    requester: "/app"
    status: "resolved"
  18 debug pnpm:progress: 
    packageId: "registry.npmjs.org/content-disposition/0.5.4"
    requester: "/app"
    status: "resolved"
  19 debug pnpm:progress: 
    packageId: "registry.npmjs.org/cookie/0.5.0"
    requester: "/app"
    status: "resolved"
  20 debug pnpm:progress: 
    packageId: "registry.npmjs.org/cookie-signature/1.0.6"
    requester: "/app"
    status: "resolved"
  21 debug pnpm:progress: 
    packageId: "registry.npmjs.org/depd/2.0.0"
    requester: "/app"
    status: "resolved"
  22 debug pnpm:progress: 
    packageId: "registry.npmjs.org/fresh/0.5.2"
    requester: "/app"
    status: "resolved"
  23 debug pnpm:progress: 
    packageId: "registry.npmjs.org/merge-descriptors/1.0.1"
    requester: "/app"
    status: "resolved"
  24 debug pnpm:progress: 
    packageId: "registry.npmjs.org/on-finished/2.4.1"
    requester: "/app"
    status: "resolved"
  25 debug pnpm:progress: 
    packageId: "registry.npmjs.org/safe-buffer/5.2.1"
    requester: "/app"
    status: "resolved"
  26 debug pnpm:progress: 
    packageId: "registry.npmjs.org/setprototypeof/1.2.0"
    requester: "/app"
    status: "resolved"
  27 debug pnpm:progress: 
    packageId: "registry.npmjs.org/utils-merge/1.0.1"
    requester: "/app"
    status: "resolved"
  28 debug pnpm:progress: 
    packageId: "registry.npmjs.org/finalhandler/1.2.0"
    requester: "/app"
    status: "resolved"
  29 debug pnpm:progress: 
    packageId: "registry.npmjs.org/statuses/2.0.1"
    requester: "/app"
    status: "resolved"
  30 debug pnpm:progress: 
    packageId: "registry.npmjs.org/http-errors/2.0.0"
    requester: "/app"
    status: "resolved"
  31 debug pnpm:progress: 
    packageId: "registry.npmjs.org/path-to-regexp/0.1.7"
    requester: "/app"
    status: "resolved"
  32 debug pnpm:progress: 
    packageId: "registry.npmjs.org/body-parser/1.20.2"
    requester: "/app"
    status: "resolved"
  33 debug pnpm:progress: 
    packageId: "registry.npmjs.org/serve-static/1.15.0"
    requester: "/app"
    status: "resolved"
  34 debug pnpm:progress: 
    packageId: "registry.npmjs.org/debug/2.6.9"
    requester: "/app"
    status: "resolved"
  35 debug pnpm:progress: 
    packageId: "registry.npmjs.org/send/0.18.0"
    requester: "/app"
    status: "resolved"
  36 debug pnpm:progress: 
    packageId: "registry.npmjs.org/qs/6.11.0"
    requester: "/app"
    status: "resolved"
  37 debug pnpm:progress: 
    packageId: "registry.npmjs.org/accepts/1.3.8"
    requester: "/app"
    status: "found_in_store"
  38 debug pnpm:progress: 
    packageId: "registry.npmjs.org/mime-types/2.1.35"
    requester: "/app"
    status: "resolved"
  39 debug pnpm:progress: 
    packageId: "registry.npmjs.org/negotiator/0.6.3"
    requester: "/app"
    status: "resolved"
  40 debug pnpm:progress: 
    packageId: "registry.npmjs.org/array-flatten/1.1.1"
    requester: "/app"
    status: "found_in_store"
  41 debug pnpm:progress: 
    packageId: "registry.npmjs.org/content-type/1.0.5"
    requester: "/app"
    status: "found_in_store"
  42 debug pnpm:progress: 
    packageId: "registry.npmjs.org/encodeurl/1.0.2"
    requester: "/app"
    status: "found_in_store"
  43 debug pnpm:progress: 
    packageId: "registry.npmjs.org/escape-html/1.0.3"
    requester: "/app"
    status: "found_in_store"
  44 debug pnpm:progress: 
    packageId: "registry.npmjs.org/etag/1.8.1"
    requester: "/app"
    status: "found_in_store"
  45 debug pnpm:progress: 
    packageId: "registry.npmjs.org/methods/1.1.2"
    requester: "/app"
    status: "found_in_store"
  46 debug pnpm:progress: 
    packageId: "registry.npmjs.org/parseurl/1.3.3"
    requester: "/app"
    status: "found_in_store"
  47 debug pnpm:progress: 
    packageId: "registry.npmjs.org/proxy-addr/2.0.7"
    requester: "/app"
    status: "found_in_store"
  48 debug pnpm:progress: 
    packageId: "registry.npmjs.org/forwarded/0.2.0"
    requester: "/app"
    status: "resolved"
  49 debug pnpm:progress: 
    packageId: "registry.npmjs.org/ipaddr.js/1.9.1"
    requester: "/app"
    status: "resolved"
  50 debug pnpm:progress: 
    packageId: "registry.npmjs.org/range-parser/1.2.1"
    requester: "/app"
    status: "found_in_store"
  51 debug pnpm:progress: 
    packageId: "registry.npmjs.org/type-is/1.6.18"
    requester: "/app"
    status: "found_in_store"
  52 debug pnpm:progress: 
    packageId: "registry.npmjs.org/media-typer/0.3.0"
    requester: "/app"
    status: "resolved"
  53 debug pnpm:progress: 
    packageId: "registry.npmjs.org/vary/1.1.2"
    requester: "/app"
    status: "found_in_store"
  54 debug pnpm:progress: 
    packageId: "registry.npmjs.org/content-disposition/0.5.4"
    requester: "/app"
    status: "found_in_store"
  55 debug pnpm:progress: 
    packageId: "registry.npmjs.org/cookie/0.5.0"
    requester: "/app"
    status: "found_in_store"
  56 debug pnpm:progress: 
    packageId: "registry.npmjs.org/cookie-signature/1.0.6"
    requester: "/app"
    status: "found_in_store"
  57 debug pnpm:progress: 
    packageId: "registry.npmjs.org/depd/2.0.0"
    requester: "/app"
    status: "found_in_store"
  58 debug pnpm:progress: 
    packageId: "registry.npmjs.org/fresh/0.5.2"
    requester: "/app"
    status: "found_in_store"
  59 debug pnpm:progress: 
    packageId: "registry.npmjs.org/merge-descriptors/1.0.1"
    requester: "/app"
    status: "found_in_store"
  60 debug pnpm:progress: 
    packageId: "registry.npmjs.org/on-finished/2.4.1"
    requester: "/app"
    status: "found_in_store"
  61 debug pnpm:progress: 
    packageId: "registry.npmjs.org/ee-first/1.1.1"
    requester: "/app"
    status: "resolved"
  62 debug pnpm:progress: 
    packageId: "registry.npmjs.org/safe-buffer/5.2.1"
    requester: "/app"
    status: "found_in_store"
  63 debug pnpm:progress: 
    packageId: "registry.npmjs.org/setprototypeof/1.2.0"
    requester: "/app"
    status: "found_in_store"
  64 debug pnpm:progress: 
    packageId: "registry.npmjs.org/utils-merge/1.0.1"
    requester: "/app"
    status: "found_in_store"
  65 debug pnpm:progress: 
    packageId: "registry.npmjs.org/finalhandler/1.2.0"
    requester: "/app"
    status: "found_in_store"
  66 debug pnpm:progress: 
    packageId: "registry.npmjs.org/unpipe/1.0.0"
    requester: "/app"
    status: "resolved"
  67 debug pnpm:progress: 
    packageId: "registry.npmjs.org/statuses/2.0.1"
    requester: "/app"
    status: "found_in_store"
  68 debug pnpm:progress: 
    packageId: "registry.npmjs.org/http-errors/2.0.0"
    requester: "/app"
    status: "found_in_store"
  69 debug pnpm:progress: 
    packageId: "registry.npmjs.org/inherits/2.0.4"
    requester: "/app"
    status: "resolved"
  70 debug pnpm:progress: 
    packageId: "registry.npmjs.org/toidentifier/1.0.1"
    requester: "/app"
    status: "resolved"
  71 debug pnpm:progress: 
    packageId: "registry.npmjs.org/path-to-regexp/0.1.7"
    requester: "/app"
    status: "found_in_store"
  72 debug pnpm:progress: 
    packageId: "registry.npmjs.org/body-parser/1.20.2"
    requester: "/app"
    status: "found_in_store"
  73 debug pnpm:progress: 
    packageId: "registry.npmjs.org/bytes/3.1.2"
    requester: "/app"
    status: "resolved"
  74 debug pnpm:progress: 
    packageId: "registry.npmjs.org/destroy/1.2.0"
    requester: "/app"
    status: "resolved"
  75 debug pnpm:progress: 
    packageId: "registry.npmjs.org/iconv-lite/0.4.24"
    requester: "/app"
    status: "resolved"
  76 debug pnpm:progress: 
    packageId: "registry.npmjs.org/raw-body/2.5.2"
    requester: "/app"
    status: "resolved"
  77 debug pnpm:progress: 
    packageId: "registry.npmjs.org/serve-static/1.15.0"
    requester: "/app"
    status: "found_in_store"
  78 debug pnpm:progress: 
    packageId: "registry.npmjs.org/debug/2.6.9"
    requester: "/app"
    status: "found_in_store"
  79 debug pnpm:progress: 
    packageId: "registry.npmjs.org/ms/2.0.0"
    requester: "/app"
    status: "resolved"
  80 debug pnpm:progress: 
    packageId: "registry.npmjs.org/send/0.18.0"
    requester: "/app"
    status: "found_in_store"
  81 debug pnpm:progress: 
    packageId: "registry.npmjs.org/mime/1.6.0"
    requester: "/app"
    status: "resolved"
  82 debug pnpm:progress: 
    packageId: "registry.npmjs.org/ms/2.1.3"
    requester: "/app"
    status: "resolved"
  83 debug pnpm:progress: 
    packageId: "registry.npmjs.org/qs/6.11.0"
    requester: "/app"
    status: "found_in_store"
  84 debug pnpm:progress: 
    packageId: "registry.npmjs.org/side-channel/1.0.6"
    requester: "/app"
    status: "resolved"
  85 debug pnpm:progress: 
    packageId: "registry.npmjs.org/mime-types/2.1.35"
    requester: "/app"
    status: "found_in_store"
  86 debug pnpm:progress: 
    packageId: "registry.npmjs.org/mime-db/1.52.0"
    requester: "/app"
    status: "resolved"
  87 debug pnpm:progress: 
    packageId: "registry.npmjs.org/negotiator/0.6.3"
    requester: "/app"
    status: "found_in_store"
  88 debug pnpm:progress: 
    packageId: "registry.npmjs.org/forwarded/0.2.0"
    requester: "/app"
    status: "found_in_store"
  89 debug pnpm:progress: 
    packageId: "registry.npmjs.org/ipaddr.js/1.9.1"
    requester: "/app"
    status: "found_in_store"
  90 debug pnpm:progress: 
    packageId: "registry.npmjs.org/media-typer/0.3.0"
    requester: "/app"
    status: "found_in_store"
  91 debug pnpm:progress: 
    packageId: "registry.npmjs.org/ee-first/1.1.1"
    requester: "/app"
    status: "found_in_store"
  92 debug pnpm:progress: 
    packageId: "registry.npmjs.org/unpipe/1.0.0"
    requester: "/app"
    status: "found_in_store"
  93 debug pnpm:progress: 
    packageId: "registry.npmjs.org/inherits/2.0.4"
    requester: "/app"
    status: "found_in_store"
  94 debug pnpm:progress: 
    packageId: "registry.npmjs.org/toidentifier/1.0.1"
    requester: "/app"
    status: "found_in_store"
  95 debug pnpm:progress: 
    packageId: "registry.npmjs.org/bytes/3.1.2"
    requester: "/app"
    status: "found_in_store"
  96 debug pnpm:progress: 
    packageId: "registry.npmjs.org/destroy/1.2.0"
    requester: "/app"
    status: "found_in_store"
  97 debug pnpm:progress: 
    packageId: "registry.npmjs.org/iconv-lite/0.4.24"
    requester: "/app"
    status: "found_in_store"
  98 debug pnpm:progress: 
    packageId: "registry.npmjs.org/safer-buffer/2.1.2"
    requester: "/app"
    status: "resolved"
  99 debug pnpm:progress: 
    packageId: "registry.npmjs.org/raw-body/2.5.2"
    requester: "/app"
    status: "found_in_store"
  100 debug pnpm:progress: 
    packageId: "registry.npmjs.org/ms/2.0.0"
    requester: "/app"
    status: "found_in_store"
  101 debug pnpm:progress: 
    packageId: "registry.npmjs.org/mime/1.6.0"
    requester: "/app"
    status: "found_in_store"
  102 debug pnpm:progress: 
    packageId: "registry.npmjs.org/ms/2.1.3"
    requester: "/app"
    status: "found_in_store"
  103 debug pnpm:progress: 
    packageId: "registry.npmjs.org/side-channel/1.0.6"
    requester: "/app"
    status: "found_in_store"
  104 debug pnpm:progress: 
    packageId: "registry.npmjs.org/call-bind/1.0.7"
    requester: "/app"
    status: "resolved"
  105 debug pnpm:progress: 
    packageId: "registry.npmjs.org/es-errors/1.3.0"
    requester: "/app"
    status: "resolved"
  106 debug pnpm:progress: 
    packageId: "registry.npmjs.org/get-intrinsic/1.2.4"
    requester: "/app"
    status: "resolved"
  107 debug pnpm:progress: 
    packageId: "registry.npmjs.org/object-inspect/1.13.1"
    requester: "/app"
    status: "resolved"
  108 debug pnpm:progress: 
    packageId: "registry.npmjs.org/mime-db/1.52.0"
    requester: "/app"
    status: "found_in_store"
  109 debug pnpm:progress: 
    packageId: "registry.npmjs.org/safer-buffer/2.1.2"
    requester: "/app"
    status: "found_in_store"
  110 debug pnpm:progress: 
    packageId: "registry.npmjs.org/call-bind/1.0.7"
    requester: "/app"
    status: "found_in_store"
  111 debug pnpm:progress: 
    packageId: "registry.npmjs.org/es-errors/1.3.0"
    requester: "/app"
    status: "found_in_store"
  112 debug pnpm:progress: 
    packageId: "registry.npmjs.org/get-intrinsic/1.2.4"
    requester: "/app"
    status: "found_in_store"
  113 debug pnpm:progress: 
    packageId: "registry.npmjs.org/es-define-property/1.0.0"
    requester: "/app"
    status: "resolved"
  114 debug pnpm:progress: 
    packageId: "registry.npmjs.org/function-bind/1.1.2"
    requester: "/app"
    status: "resolved"
  115 debug pnpm:progress: 
    packageId: "registry.npmjs.org/set-function-length/1.2.2"
    requester: "/app"
    status: "resolved"
  116 debug pnpm:progress: 
    packageId: "registry.npmjs.org/has-proto/1.0.3"
    requester: "/app"
    status: "resolved"
  117 debug pnpm:progress: 
    packageId: "registry.npmjs.org/has-symbols/1.0.3"
    requester: "/app"
    status: "resolved"
  118 debug pnpm:progress: 
    packageId: "registry.npmjs.org/object-inspect/1.13.1"
    requester: "/app"
    status: "found_in_store"
  119 debug pnpm:progress: 
    packageId: "registry.npmjs.org/hasown/2.0.2"
    requester: "/app"
    status: "resolved"
  120 debug pnpm:progress: 
    packageId: "registry.npmjs.org/es-define-property/1.0.0"
    requester: "/app"
    status: "found_in_store"
  121 debug pnpm:progress: 
    packageId: "registry.npmjs.org/function-bind/1.1.2"
    requester: "/app"
    status: "found_in_store"
  122 debug pnpm:progress: 
    packageId: "registry.npmjs.org/set-function-length/1.2.2"
    requester: "/app"
    status: "found_in_store"
  123 debug pnpm:progress: 
    packageId: "registry.npmjs.org/define-data-property/1.1.4"
    requester: "/app"
    status: "resolved"
  124 debug pnpm:progress: 
    packageId: "registry.npmjs.org/hasown/2.0.2"
    requester: "/app"
    status: "found_in_store"
  125 debug pnpm:progress: 
    packageId: "registry.npmjs.org/has-proto/1.0.3"
    requester: "/app"
    status: "found_in_store"
  126 debug pnpm:progress: 
    packageId: "registry.npmjs.org/has-symbols/1.0.3"
    requester: "/app"
    status: "found_in_store"
  127 debug pnpm:progress: 
    packageId: "registry.npmjs.org/gopd/1.0.1"
    requester: "/app"
    status: "resolved"
  128 debug pnpm:progress: 
    packageId: "registry.npmjs.org/has-property-descriptors/1.0.2"
    requester: "/app"
    status: "resolved"
  129 debug pnpm:progress: 
    packageId: "registry.npmjs.org/define-data-property/1.1.4"
    requester: "/app"
    status: "found_in_store"
  130 debug pnpm:progress: 
    packageId: "registry.npmjs.org/gopd/1.0.1"
    requester: "/app"
    status: "found_in_store"
  131 debug pnpm:progress: 
    packageId: "registry.npmjs.org/has-property-descriptors/1.0.2"
    requester: "/app"
    status: "found_in_store"
  132 debug pnpm:stage: 
    prefix: "/app"
    stage: "resolution_done"
  133 debug pnpm:package-json: 
    prefix: "/app"
    updated: 
      name: "mi-proyecto-glitch"
      version: "1.0.0"
      description: "Descripción de mi proyecto Glitch"
      main: "server.js"
      scripts: 
        start: "node server.js"
      engines: 
        node: "12.x"
      repository: 
        type: "git"
        url: "git+https://github.com/tu-usuario/tu-repositorio.git"
      license: "MIT"
      dependencies: 
        express: "^4.18.3"
      directories: 
        public: "public"
      gitHead: "4af0efadbc4f1eeae4efe468798711540459b671"
      bugs: 
        url: "https://github.com/tu-usuario/tu-repositorio/issues"
      readme: "ERROR: No README data found!"
      homepage: "https://github.com/tu-usuario/tu-repositorio#readme"
      _id: "mi-proyecto-glitch@1.0.0"
  134 debug pnpm:removal: "/rbd/pnpm-volume/dd67a867-ee25-4bee-981a-7488c739ae8d/node_modules/glitch"
  135 debug pnpm:removal: "/rbd/pnpm-volume/dd67a867-ee25-4bee-981a-7488c739ae8d/node_modules/mongodb"
  136 debug pnpm:removal: "/rbd/pnpm-volume/dd67a867-ee25-4bee-981a-7488c739ae8d/node_modules/mongoose"
  137 debug pnpm:root: 
    prefix: "/app"
    removed: 
      dependencyType: "prod"
      name: "glitch"
  138 debug pnpm:root: 
    prefix: "/app"
    removed: 
      dependencyType: "prod"
      name: "mongodb"
  139 debug pnpm:root: 
    prefix: "/app"
    removed: 
      dependencyType: "prod"
      name: "mongoose"
  140 debug pnpm:stats: 
    prefix: "/app"
    removed: 21
  141 debug pnpm:removal: "/rbd/pnpm-volume/dd67a867-ee25-4bee-981a-7488c739ae8d/node_modules/@mongodb-js/saslprep"
  142 debug pnpm:removal: "/rbd/pnpm-volume/dd67a867-ee25-4bee-981a-7488c739ae8d/node_modules/@types/webidl-conversions"
  143 debug pnpm:removal: "/rbd/pnpm-volume/dd67a867-ee25-4bee-981a-7488c739ae8d/node_modules/@types/whatwg-url"
  144 debug pnpm:removal: "/rbd/pnpm-volume/dd67a867-ee25-4bee-981a-7488c739ae8d/node_modules/bson"
  145 debug pnpm:removal: "/rbd/pnpm-volume/dd67a867-ee25-4bee-981a-7488c739ae8d/node_modules/debug"
  146 debug pnpm:removal: "/rbd/pnpm-volume/dd67a867-ee25-4bee-981a-7488c739ae8d/node_modules/kareem"
  147 debug pnpm:removal: "/rbd/pnpm-volume/dd67a867-ee25-4bee-981a-7488c739ae8d/node_modules/memory-pager"
  148 debug pnpm:removal: "/rbd/pnpm-volume/dd67a867-ee25-4bee-981a-7488c739ae8d/node_modules/mongodb-connection-string-url"
  149 debug pnpm:removal: "/rbd/pnpm-volume/dd67a867-ee25-4bee-981a-7488c739ae8d/node_modules/mpath"
  150 debug pnpm:removal: "/rbd/pnpm-volume/dd67a867-ee25-4bee-981a-7488c739ae8d/node_modules/mquery"
  151 debug pnpm:removal: "/rbd/pnpm-volume/dd67a867-ee25-4bee-981a-7488c739ae8d/node_modules/punycode"
  152 debug pnpm:removal: "/rbd/pnpm-volume/dd67a867-ee25-4bee-981a-7488c739ae8d/node_modules/sift"
  153 debug pnpm:removal: "/rbd/pnpm-volume/dd67a867-ee25-4bee-981a-7488c739ae8d/node_modules/sparse-bitfield"
  154 debug pnpm:removal: "/rbd/pnpm-volume/dd67a867-ee25-4bee-981a-7488c739ae8d/node_modules/tr46"
  155 debug pnpm:removal: "/rbd/pnpm-volume/dd67a867-ee25-4bee-981a-7488c739ae8d/node_modules/webidl-conversions"
  156 debug pnpm:removal: "/rbd/pnpm-volume/dd67a867-ee25-4bee-981a-7488c739ae8d/node_modules/whatwg-url"
  157 debug pnpm:removal: "/rbd/pnpm-volume/dd67a867-ee25-4bee-981a-7488c739ae8d/node_modules/.registry.npmjs.org/@mongodb-js/saslprep/1.1.5/node_modules"
  158 debug pnpm:removal: "/rbd/pnpm-volume/dd67a867-ee25-4bee-981a-7488c739ae8d/node_modules/.registry.npmjs.org/@types/webidl-conversions/7.0.3/node_modules"
  159 debug pnpm:removal: "/rbd/pnpm-volume/dd67a867-ee25-4bee-981a-7488c739ae8d/node_modules/.registry.npmjs.org/@types/whatwg-url/11.0.4/node_modules"
  160 debug pnpm:removal: "/rbd/pnpm-volume/dd67a867-ee25-4bee-981a-7488c739ae8d/node_modules/.registry.npmjs.org/bson/6.5.0/node_modules"
  161 debug pnpm:removal: "/rbd/pnpm-volume/dd67a867-ee25-4bee-981a-7488c739ae8d/node_modules/.registry.npmjs.org/debug/4.3.4/node_modules"
  162 debug pnpm:removal: "/rbd/pnpm-volume/dd67a867-ee25-4bee-981a-7488c739ae8d/node_modules/.registry.npmjs.org/glitch/0.1.0/node_modules"
  163 debug pnpm:removal: "/rbd/pnpm-volume/dd67a867-ee25-4bee-981a-7488c739ae8d/node_modules/.registry.npmjs.org/kareem/2.5.1/node_modules"
  164 debug pnpm:removal: "/rbd/pnpm-volume/dd67a867-ee25-4bee-981a-7488c739ae8d/node_modules/.registry.npmjs.org/memory-pager/1.5.0/node_modules"
  165 debug pnpm:removal: "/rbd/pnpm-volume/dd67a867-ee25-4bee-981a-7488c739ae8d/node_modules/.registry.npmjs.org/mongodb-connection-string-url/3.0.0/node_modules"
  166 debug pnpm:removal: "/rbd/pnpm-volume/dd67a867-ee25-4bee-981a-7488c739ae8d/node_modules/.registry.npmjs.org/mongodb/6.3.0/node_modules"
  167 debug pnpm:removal: "/rbd/pnpm-volume/dd67a867-ee25-4bee-981a-7488c739ae8d/node_modules/.registry.npmjs.org/mongodb/6.5.0/node_modules"
  168 debug pnpm:removal: "/rbd/pnpm-volume/dd67a867-ee25-4bee-981a-7488c739ae8d/node_modules/.registry.npmjs.org/mongoose/8.2.1/node_modules"
  169 debug pnpm:removal: "/rbd/pnpm-volume/dd67a867-ee25-4bee-981a-7488c739ae8d/node_modules/.registry.npmjs.org/mpath/0.9.0/node_modules"
  170 debug pnpm:removal: "/rbd/pnpm-volume/dd67a867-ee25-4bee-981a-7488c739ae8d/node_modules/.registry.npmjs.org/mquery/5.0.0/node_modules"
  171 debug pnpm:removal: "/rbd/pnpm-volume/dd67a867-ee25-4bee-981a-7488c739ae8d/node_modules/.registry.npmjs.org/ms/2.1.2/node_modules"
  172 debug pnpm:removal: "/rbd/pnpm-volume/dd67a867-ee25-4bee-981a-7488c739ae8d/node_modules/.registry.npmjs.org/punycode/2.3.1/node_modules"
  173 debug pnpm:removal: "/rbd/pnpm-volume/dd67a867-ee25-4bee-981a-7488c739ae8d/node_modules/.registry.npmjs.org/sift/16.0.1/node_modules"
  174 debug pnpm:removal: "/rbd/pnpm-volume/dd67a867-ee25-4bee-981a-7488c739ae8d/node_modules/.registry.npmjs.org/sparse-bitfield/3.0.3/node_modules"
  175 debug pnpm:removal: "/rbd/pnpm-volume/dd67a867-ee25-4bee-981a-7488c739ae8d/node_modules/.registry.npmjs.org/tr46/4.1.1/node_modules"
  176 debug pnpm:removal: "/rbd/pnpm-volume/dd67a867-ee25-4bee-981a-7488c739ae8d/node_modules/.registry.npmjs.org/webidl-conversions/7.0.0/node_modules"
  177 debug pnpm:removal: "/rbd/pnpm-volume/dd67a867-ee25-4bee-981a-7488c739ae8d/node_modules/.registry.npmjs.org/whatwg-url/13.0.0/node_modules"
  178 debug pnpm:stage: 
    prefix: "/app"
    stage: "importing_started"
  179 debug pnpm:stats: 
    added: 63
    prefix: "/app"
  180 debug pnpm:link: 
    target: "/rbd/pnpm-volume/dd67a867-ee25-4bee-981a-7488c739ae8d/node_modules/.registry.npmjs.org/accepts/1.3.8/node_modules/accepts"
    link: "/rbd/pnpm-volume/dd67a867-ee25-4bee-981a-7488c739ae8d/node_modules/.registry.npmjs.org/express/4.18.3/node_modules/accepts"
  181 debug pnpm:link: 
    target: "/rbd/pnpm-volume/dd67a867-ee25-4bee-981a-7488c739ae8d/node_modules/.registry.npmjs.org/array-flatten/1.1.1/node_modules/array-flatten"
    link: "/rbd/pnpm-volume/dd67a867-ee25-4bee-981a-7488c739ae8d/node_modules/.registry.npmjs.org/express/4.18.3/node_modules/array-flatten"
  182 debug pnpm:link: 
    target: "/rbd/pnpm-volume/dd67a867-ee25-4bee-981a-7488c739ae8d/node_modules/.registry.npmjs.org/body-parser/1.20.2/node_modules/body-parser"
    link: "/rbd/pnpm-volume/dd67a867-ee25-4bee-981a-7488c739ae8d/node_modules/.registry.npmjs.org/express/4.18.3/node_modules/body-parser"
  183 debug pnpm:link: 
    target: "/rbd/pnpm-volume/dd67a867-ee25-4bee-981a-7488c739ae8d/node_modules/.registry.npmjs.org/content-disposition/0.5.4/node_modules/content-disposition"
    link: "/rbd/pnpm-volume/dd67a867-ee25-4bee-981a-7488c739ae8d/node_modules/.registry.npmjs.org/express/4.18.3/node_modules/content-disposition"
  184 debug pnpm:link: 
    target: "/rbd/pnpm-volume/dd67a867-ee25-4bee-981a-7488c739ae8d/node_modules/.registry.npmjs.org/content-type/1.0.5/node_modules/content-type"
    link: "/rbd/pnpm-volume/dd67a867-ee25-4bee-981a-7488c739ae8d/node_modules/.registry.npmjs.org/express/4.18.3/node_modules/content-type"
  185 debug pnpm:link: 
    target: "/rbd/pnpm-volume/dd67a867-ee25-4bee-981a-7488c739ae8d/node_modules/.registry.npmjs.org/cookie/0.5.0/node_modules/cookie"
    link: "/rbd/pnpm-volume/dd67a867-ee25-4bee-981a-7488c739ae8d/node_modules/.registry.npmjs.org/express/4.18.3/node_modules/cookie"
  186 debug pnpm:link: 
    target: "/rbd/pnpm-volume/dd67a867-ee25-4bee-981a-7488c739ae8d/node_modules/.registry.npmjs.org/cookie-signature/1.0.6/node_modules/cookie-signature"
    link: "/rbd/pnpm-volume/dd67a867-ee25-4bee-981a-7488c739ae8d/node_modules/.registry.npmjs.org/express/4.18.3/node_modules/cookie-signature"
  187 debug pnpm:link: 
    target: "/rbd/pnpm-volume/dd67a867-ee25-4bee-981a-7488c739ae8d/node_modules/.registry.npmjs.org/debug/2.6.9/node_modules/debug"
    link: "/rbd/pnpm-volume/dd67a867-ee25-4bee-981a-7488c739ae8d/node_modules/.registry.npmjs.org/express/4.18.3/node_modules/debug"
  188 debug pnpm:link: 
    target: "/rbd/pnpm-volume/dd67a867-ee25-4bee-981a-7488c739ae8d/node_modules/.registry.npmjs.org/depd/2.0.0/node_modules/depd"
    link: "/rbd/pnpm-volume/dd67a867-ee25-4bee-981a-7488c739ae8d/node_modules/.registry.npmjs.org/express/4.18.3/node_modules/depd"
  189 debug pnpm:link: 
    target: "/rbd/pnpm-volume/dd67a867-ee25-4bee-981a-7488c739ae8d/node_modules/.registry.npmjs.org/encodeurl/1.0.2/node_modules/encodeurl"
    link: "/rbd/pnpm-volume/dd67a867-ee25-4bee-981a-7488c739ae8d/node_modules/.registry.npmjs.org/express/4.18.3/node_modules/encodeurl"
  190 debug pnpm:link: 
    target: "/rbd/pnpm-volume/dd67a867-ee25-4bee-981a-7488c739ae8d/node_modules/.registry.npmjs.org/escape-html/1.0.3/node_modules/escape-html"
    link: "/rbd/pnpm-volume/dd67a867-ee25-4bee-981a-7488c739ae8d/node_modules/.registry.npmjs.org/express/4.18.3/node_modules/escape-html"
  191 debug pnpm:link: 
    target: "/rbd/pnpm-volume/dd67a867-ee25-4bee-981a-7488c739ae8d/node_modules/.registry.npmjs.org/etag/1.8.1/node_modules/etag"
    link: "/rbd/pnpm-volume/dd67a867-ee25-4bee-981a-7488c739ae8d/node_modules/.registry.npmjs.org/express/4.18.3/node_modules/etag"
  192 debug pnpm:link: 
    target: "/rbd/pnpm-volume/dd67a867-ee25-4bee-981a-7488c739ae8d/node_modules/.registry.npmjs.org/finalhandler/1.2.0/node_modules/finalhandler"
    link: "/rbd/pnpm-volume/dd67a867-ee25-4bee-981a-7488c739ae8d/node_modules/.registry.npmjs.org/express/4.18.3/node_modules/finalhandler"
  193 debug pnpm:link: 
    target: "/rbd/pnpm-volume/dd67a867-ee25-4bee-981a-7488c739ae8d/node_modules/.registry.npmjs.org/fresh/0.5.2/node_modules/fresh"
    link: "/rbd/pnpm-volume/dd67a867-ee25-4bee-981a-7488c739ae8d/node_modules/.registry.npmjs.org/express/4.18.3/node_modules/fresh"
  194 debug pnpm:link: 
    target: "/rbd/pnpm-volume/dd67a867-ee25-4bee-981a-7488c739ae8d/node_modules/.registry.npmjs.org/http-errors/2.0.0/node_modules/http-errors"
    link: "/rbd/pnpm-volume/dd67a867-ee25-4bee-981a-7488c739ae8d/node_modules/.registry.npmjs.org/express/4.18.3/node_modules/http-errors"
  195 debug pnpm:link: 
    target: "/rbd/pnpm-volume/dd67a867-ee25-4bee-981a-7488c739ae8d/node_modules/.registry.npmjs.org/merge-descriptors/1.0.1/node_modules/merge-descriptors"
    link: "/rbd/pnpm-volume/dd67a867-ee25-4bee-981a-7488c739ae8d/node_modules/.registry.npmjs.org/express/4.18.3/node_modules/merge-descriptors"
  196 debug pnpm:link: 
    target: "/rbd/pnpm-volume/dd67a867-ee25-4bee-981a-7488c739ae8d/node_modules/.registry.npmjs.org/methods/1.1.2/node_modules/methods"
    link: "/rbd/pnpm-volume/dd67a867-ee25-4bee-981a-7488c739ae8d/node_modules/.registry.npmjs.org/express/4.18.3/node_modules/methods"
  197 debug pnpm:link: 
    target: "/rbd/pnpm-volume/dd67a867-ee25-4bee-981a-7488c739ae8d/node_modules/.registry.npmjs.org/on-finished/2.4.1/node_modules/on-finished"
    link: "/rbd/pnpm-volume/dd67a867-ee25-4bee-981a-7488c739ae8d/node_modules/.registry.npmjs.org/express/4.18.3/node_modules/on-finished"
  198 debug pnpm:link: 
    target: "/rbd/pnpm-volume/dd67a867-ee25-4bee-981a-7488c739ae8d/node_modules/.registry.npmjs.org/parseurl/1.3.3/node_modules/parseurl"
    link: "/rbd/pnpm-volume/dd67a867-ee25-4bee-981a-7488c739ae8d/node_modules/.registry.npmjs.org/express/4.18.3/node_modules/parseurl"
  199 debug pnpm:link: 
    target: "/rbd/pnpm-volume/dd67a867-ee25-4bee-981a-7488c739ae8d/node_modules/.registry.npmjs.org/path-to-regexp/0.1.7/node_modules/path-to-regexp"
    link: "/rbd/pnpm-volume/dd67a867-ee25-4bee-981a-7488c739ae8d/node_modules/.registry.npmjs.org/express/4.18.3/node_modules/path-to-regexp"
  200 debug pnpm:link: 
    target: "/rbd/pnpm-volume/dd67a867-ee25-4bee-981a-7488c739ae8d/node_modules/.registry.npmjs.org/proxy-addr/2.0.7/node_modules/proxy-addr"
    link: "/rbd/pnpm-volume/dd67a867-ee25-4bee-981a-7488c739ae8d/node_modules/.registry.npmjs.org/express/4.18.3/node_modules/proxy-addr"
  201 debug pnpm:link: 
    target: "/rbd/pnpm-volume/dd67a867-ee25-4bee-981a-7488c739ae8d/node_modules/.registry.npmjs.org/qs/6.11.0/node_modules/qs"
    link: "/rbd/pnpm-volume/dd67a867-ee25-4bee-981a-7488c739ae8d/node_modules/.registry.npmjs.org/express/4.18.3/node_modules/qs"
  202 debug pnpm:link: 
    target: "/rbd/pnpm-volume/dd67a867-ee25-4bee-981a-7488c739ae8d/node_modules/.registry.npmjs.org/range-parser/1.2.1/node_modules/range-parser"
    link: "/rbd/pnpm-volume/dd67a867-ee25-4bee-981a-7488c739ae8d/node_modules/.registry.npmjs.org/express/4.18.3/node_modules/range-parser"
  203 debug pnpm:link: 
    target: "/rbd/pnpm-volume/dd67a867-ee25-4bee-981a-7488c739ae8d/node_modules/.registry.npmjs.org/safe-buffer/5.2.1/node_modules/safe-buffer"
    link: "/rbd/pnpm-volume/dd67a867-ee25-4bee-981a-7488c739ae8d/node_modules/.registry.npmjs.org/express/4.18.3/node_modules/safe-buffer"
  204 debug pnpm:link: 
    target: "/rbd/pnpm-volume/dd67a867-ee25-4bee-981a-7488c739ae8d/node_modules/.registry.npmjs.org/send/0.18.0/node_modules/send"
    link: "/rbd/pnpm-volume/dd67a867-ee25-4bee-981a-7488c739ae8d/node_modules/.registry.npmjs.org/express/4.18.3/node_modules/send"
  205 debug pnpm:link: 
    target: "/rbd/pnpm-volume/dd67a867-ee25-4bee-981a-7488c739ae8d/node_modules/.registry.npmjs.org/serve-static/1.15.0/node_modules/serve-static"
    link: "/rbd/pnpm-volume/dd67a867-ee25-4bee-981a-7488c739ae8d/node_modules/.registry.npmjs.org/express/4.18.3/node_modules/serve-static"
  206 debug pnpm:link: 
    target: "/rbd/pnpm-volume/dd67a867-ee25-4bee-981a-7488c739ae8d/node_modules/.registry.npmjs.org/setprototypeof/1.2.0/node_modules/setprototypeof"
    link: "/rbd/pnpm-volume/dd67a867-ee25-4bee-981a-7488c739ae8d/node_modules/.registry.npmjs.org/express/4.18.3/node_modules/setprototypeof"
  207 debug pnpm:link: 
    target: "/rbd/pnpm-volume/dd67a867-ee25-4bee-981a-7488c739ae8d/node_modules/.registry.npmjs.org/statuses/2.0.1/node_modules/statuses"
    link: "/rbd/pnpm-volume/dd67a867-ee25-4bee-981a-7488c739ae8d/node_modules/.registry.npmjs.org/express/4.18.3/node_modules/statuses"
  208 debug pnpm:link: 
    target: "/rbd/pnpm-volume/dd67a867-ee25-4bee-981a-7488c739ae8d/node_modules/.registry.npmjs.org/type-is/1.6.18/node_modules/type-is"
    link: "/rbd/pnpm-volume/dd67a867-ee25-4bee-981a-7488c739ae8d/node_modules/.registry.npmjs.org/express/4.18.3/node_modules/type-is"
  209 debug pnpm:link: 
    target: "/rbd/pnpm-volume/dd67a867-ee25-4bee-981a-7488c739ae8d/node_modules/.registry.npmjs.org/utils-merge/1.0.1/node_modules/utils-merge"
    link: "/rbd/pnpm-volume/dd67a867-ee25-4bee-981a-7488c739ae8d/node_modules/.registry.npmjs.org/express/4.18.3/node_modules/utils-merge"
  210 debug pnpm:link: 
    target: "/rbd/pnpm-volume/dd67a867-ee25-4bee-981a-7488c739ae8d/node_modules/.registry.npmjs.org/vary/1.1.2/node_modules/vary"
    link: "/rbd/pnpm-volume/dd67a867-ee25-4bee-981a-7488c739ae8d/node_modules/.registry.npmjs.org/express/4.18.3/node_modules/vary"
  211 debug pnpm:link: 
    target: "/rbd/pnpm-volume/dd67a867-ee25-4bee-981a-7488c739ae8d/node_modules/.registry.npmjs.org/mime-types/2.1.35/node_modules/mime-types"
    link: "/rbd/pnpm-volume/dd67a867-ee25-4bee-981a-7488c739ae8d/node_modules/.registry.npmjs.org/accepts/1.3.8/node_modules/mime-types"
  212 debug pnpm:link: 
    target: "/rbd/pnpm-volume/dd67a867-ee25-4bee-981a-7488c739ae8d/node_modules/.registry.npmjs.org/negotiator/0.6.3/node_modules/negotiator"
    link: "/rbd/pnpm-volume/dd67a867-ee25-4bee-981a-7488c739ae8d/node_modules/.registry.npmjs.org/accepts/1.3.8/node_modules/negotiator"
  213 debug pnpm:link: 
    target: "/rbd/pnpm-volume/dd67a867-ee25-4bee-981a-7488c739ae8d/node_modules/.registry.npmjs.org/mime-db/1.52.0/node_modules/mime-db"
    link: "/rbd/pnpm-volume/dd67a867-ee25-4bee-981a-7488c739ae8d/node_modules/.registry.npmjs.org/mime-types/2.1.35/node_modules/mime-db"
  214 debug pnpm:link: 
    target: "/rbd/pnpm-volume/dd67a867-ee25-4bee-981a-7488c739ae8d/node_modules/.registry.npmjs.org/bytes/3.1.2/node_modules/bytes"
    link: "/rbd/pnpm-volume/dd67a867-ee25-4bee-981a-7488c739ae8d/node_modules/.registry.npmjs.org/body-parser/1.20.2/node_modules/bytes"
  215 debug pnpm:link: 
    target: "/rbd/pnpm-volume/dd67a867-ee25-4bee-981a-7488c739ae8d/node_modules/.registry.npmjs.org/content-type/1.0.5/node_modules/content-type"
    link: "/rbd/pnpm-volume/dd67a867-ee25-4bee-981a-7488c739ae8d/node_modules/.registry.npmjs.org/body-parser/1.20.2/node_modules/content-type"
  216 debug pnpm:link: 
    target: "/rbd/pnpm-volume/dd67a867-ee25-4bee-981a-7488c739ae8d/node_modules/.registry.npmjs.org/debug/2.6.9/node_modules/debug"
    link: "/rbd/pnpm-volume/dd67a867-ee25-4bee-981a-7488c739ae8d/node_modules/.registry.npmjs.org/body-parser/1.20.2/node_modules/debug"
  217 debug pnpm:link: 
    target: "/rbd/pnpm-volume/dd67a867-ee25-4bee-981a-7488c739ae8d/node_modules/.registry.npmjs.org/depd/2.0.0/node_modules/depd"
    link: "/rbd/pnpm-volume/dd67a867-ee25-4bee-981a-7488c739ae8d/node_modules/.registry.npmjs.org/body-parser/1.20.2/node_modules/depd"
  218 debug pnpm:link: 
    target: "/rbd/pnpm-volume/dd67a867-ee25-4bee-981a-7488c739ae8d/node_modules/.registry.npmjs.org/destroy/1.2.0/node_modules/destroy"
    link: "/rbd/pnpm-volume/dd67a867-ee25-4bee-981a-7488c739ae8d/node_modules/.registry.npmjs.org/body-parser/1.20.2/node_modules/destroy"
  219 debug pnpm:link: 
    target: "/rbd/pnpm-volume/dd67a867-ee25-4bee-981a-7488c739ae8d/node_modules/.registry.npmjs.org/http-errors/2.0.0/node_modules/http-errors"
    link: "/rbd/pnpm-volume/dd67a867-ee25-4bee-981a-7488c739ae8d/node_modules/.registry.npmjs.org/body-parser/1.20.2/node_modules/http-errors"
  220 debug pnpm:link: 
    target: "/rbd/pnpm-volume/dd67a867-ee25-4bee-981a-7488c739ae8d/node_modules/.registry.npmjs.org/iconv-lite/0.4.24/node_modules/iconv-lite"
    link: "/rbd/pnpm-volume/dd67a867-ee25-4bee-981a-7488c739ae8d/node_modules/.registry.npmjs.org/body-parser/1.20.2/node_modules/iconv-lite"
  221 debug pnpm:link: 
    target: "/rbd/pnpm-volume/dd67a867-ee25-4bee-981a-7488c739ae8d/node_modules/.registry.npmjs.org/on-finished/2.4.1/node_modules/on-finished"
    link: "/rbd/pnpm-volume/dd67a867-ee25-4bee-981a-7488c739ae8d/node_modules/.registry.npmjs.org/body-parser/1.20.2/node_modules/on-finished"
  222 debug pnpm:link: 
    target: "/rbd/pnpm-volume/dd67a867-ee25-4bee-981a-7488c739ae8d/node_modules/.registry.npmjs.org/qs/6.11.0/node_modules/qs"
    link: "/rbd/pnpm-volume/dd67a867-ee25-4bee-981a-7488c739ae8d/node_modules/.registry.npmjs.org/body-parser/1.20.2/node_modules/qs"
  223 debug pnpm:link: 
    target: "/rbd/pnpm-volume/dd67a867-ee25-4bee-981a-7488c739ae8d/node_modules/.registry.npmjs.org/raw-body/2.5.2/node_modules/raw-body"
    link: "/rbd/pnpm-volume/dd67a867-ee25-4bee-981a-7488c739ae8d/node_modules/.registry.npmjs.org/body-parser/1.20.2/node_modules/raw-body"
  224 debug pnpm:link: 
    target: "/rbd/pnpm-volume/dd67a867-ee25-4bee-981a-7488c739ae8d/node_modules/.registry.npmjs.org/type-is/1.6.18/node_modules/type-is"
    link: "/rbd/pnpm-volume/dd67a867-ee25-4bee-981a-7488c739ae8d/node_modules/.registry.npmjs.org/body-parser/1.20.2/node_modules/type-is"
  225 debug pnpm:link: 
    target: "/rbd/pnpm-volume/dd67a867-ee25-4bee-981a-7488c739ae8d/node_modules/.registry.npmjs.org/unpipe/1.0.0/node_modules/unpipe"
    link: "/rbd/pnpm-volume/dd67a867-ee25-4bee-981a-7488c739ae8d/node_modules/.registry.npmjs.org/body-parser/1.20.2/node_modules/unpipe"
  226 debug pnpm:link: 
    target: "/rbd/pnpm-volume/dd67a867-ee25-4bee-981a-7488c739ae8d/node_modules/.registry.npmjs.org/ms/2.0.0/node_modules/ms"
    link: "/rbd/pnpm-volume/dd67a867-ee25-4bee-981a-7488c739ae8d/node_modules/.registry.npmjs.org/debug/2.6.9/node_modules/ms"
  227 debug pnpm:link: 
    target: "/rbd/pnpm-volume/dd67a867-ee25-4bee-981a-7488c739ae8d/node_modules/.registry.npmjs.org/depd/2.0.0/node_modules/depd"
    link: "/rbd/pnpm-volume/dd67a867-ee25-4bee-981a-7488c739ae8d/node_modules/.registry.npmjs.org/http-errors/2.0.0/node_modules/depd"
  228 debug pnpm:link: 
    target: "/rbd/pnpm-volume/dd67a867-ee25-4bee-981a-7488c739ae8d/node_modules/.registry.npmjs.org/inherits/2.0.4/node_modules/inherits"
    link: "/rbd/pnpm-volume/dd67a867-ee25-4bee-981a-7488c739ae8d/node_modules/.registry.npmjs.org/http-errors/2.0.0/node_modules/inherits"
  229 debug pnpm:link: 
    target: "/rbd/pnpm-volume/dd67a867-ee25-4bee-981a-7488c739ae8d/node_modules/.registry.npmjs.org/setprototypeof/1.2.0/node_modules/setprototypeof"
    link: "/rbd/pnpm-volume/dd67a867-ee25-4bee-981a-7488c739ae8d/node_modules/.registry.npmjs.org/http-errors/2.0.0/node_modules/setprototypeof"
  230 debug pnpm:link: 
    target: "/rbd/pnpm-volume/dd67a867-ee25-4bee-981a-7488c739ae8d/node_modules/.registry.npmjs.org/statuses/2.0.1/node_modules/statuses"
    link: "/rbd/pnpm-volume/dd67a867-ee25-4bee-981a-7488c739ae8d/node_modules/.registry.npmjs.org/http-errors/2.0.0/node_modules/statuses"
  231 debug pnpm:link: 
    target: "/rbd/pnpm-volume/dd67a867-ee25-4bee-981a-7488c739ae8d/node_modules/.registry.npmjs.org/toidentifier/1.0.1/node_modules/toidentifier"
    link: "/rbd/pnpm-volume/dd67a867-ee25-4bee-981a-7488c739ae8d/node_modules/.registry.npmjs.org/http-errors/2.0.0/node_modules/toidentifier"
  232 debug pnpm:link: 
    target: "/rbd/pnpm-volume/dd67a867-ee25-4bee-981a-7488c739ae8d/node_modules/.registry.npmjs.org/safer-buffer/2.1.2/node_modules/safer-buffer"
    link: "/rbd/pnpm-volume/dd67a867-ee25-4bee-981a-7488c739ae8d/node_modules/.registry.npmjs.org/iconv-lite/0.4.24/node_modules/safer-buffer"
  233 debug pnpm:link: 
    target: "/rbd/pnpm-volume/dd67a867-ee25-4bee-981a-7488c739ae8d/node_modules/.registry.npmjs.org/ee-first/1.1.1/node_modules/ee-first"
    link: "/rbd/pnpm-volume/dd67a867-ee25-4bee-981a-7488c739ae8d/node_modules/.registry.npmjs.org/on-finished/2.4.1/node_modules/ee-first"
  234 debug pnpm:link: 
    target: "/rbd/pnpm-volume/dd67a867-ee25-4bee-981a-7488c739ae8d/node_modules/.registry.npmjs.org/side-channel/1.0.6/node_modules/side-channel"
    link: "/rbd/pnpm-volume/dd67a867-ee25-4bee-981a-7488c739ae8d/node_modules/.registry.npmjs.org/qs/6.11.0/node_modules/side-channel"
  235 debug pnpm:link: 
    target: "/rbd/pnpm-volume/dd67a867-ee25-4bee-981a-7488c739ae8d/node_modules/.registry.npmjs.org/call-bind/1.0.7/node_modules/call-bind"
    link: "/rbd/pnpm-volume/dd67a867-ee25-4bee-981a-7488c739ae8d/node_modules/.registry.npmjs.org/side-channel/1.0.6/node_modules/call-bind"
  236 debug pnpm:link: 
    target: "/rbd/pnpm-volume/dd67a867-ee25-4bee-981a-7488c739ae8d/node_modules/.registry.npmjs.org/es-errors/1.3.0/node_modules/es-errors"
    link: "/rbd/pnpm-volume/dd67a867-ee25-4bee-981a-7488c739ae8d/node_modules/.registry.npmjs.org/side-channel/1.0.6/node_modules/es-errors"
  237 debug pnpm:link: 
    target: "/rbd/pnpm-volume/dd67a867-ee25-4bee-981a-7488c739ae8d/node_modules/.registry.npmjs.org/get-intrinsic/1.2.4/node_modules/get-intrinsic"
    link: "/rbd/pnpm-volume/dd67a867-ee25-4bee-981a-7488c739ae8d/node_modules/.registry.npmjs.org/side-channel/1.0.6/node_modules/get-intrinsic"
  238 debug pnpm:link: 
    target: "/rbd/pnpm-volume/dd67a867-ee25-4bee-981a-7488c739ae8d/node_modules/.registry.npmjs.org/object-inspect/1.13.1/node_modules/object-inspect"
    link: "/rbd/pnpm-volume/dd67a867-ee25-4bee-981a-7488c739ae8d/node_modules/.registry.npmjs.org/side-channel/1.0.6/node_modules/object-inspect"
  239 debug pnpm:link: 
    target: "/rbd/pnpm-volume/dd67a867-ee25-4bee-981a-7488c739ae8d/node_modules/.registry.npmjs.org/es-define-property/1.0.0/node_modules/es-define-property"
    link: "/rbd/pnpm-volume/dd67a867-ee25-4bee-981a-7488c739ae8d/node_modules/.registry.npmjs.org/call-bind/1.0.7/node_modules/es-define-property"
  240 debug pnpm:link: 
    target: "/rbd/pnpm-volume/dd67a867-ee25-4bee-981a-7488c739ae8d/node_modules/.registry.npmjs.org/es-errors/1.3.0/node_modules/es-errors"
    link: "/rbd/pnpm-volume/dd67a867-ee25-4bee-981a-7488c739ae8d/node_modules/.registry.npmjs.org/call-bind/1.0.7/node_modules/es-errors"
  241 debug pnpm:link: 
    target: "/rbd/pnpm-volume/dd67a867-ee25-4bee-981a-7488c739ae8d/node_modules/.registry.npmjs.org/function-bind/1.1.2/node_modules/function-bind"
    link: "/rbd/pnpm-volume/dd67a867-ee25-4bee-981a-7488c739ae8d/node_modules/.registry.npmjs.org/call-bind/1.0.7/node_modules/function-bind"
  242 debug pnpm:link: 
    target: "/rbd/pnpm-volume/dd67a867-ee25-4bee-981a-7488c739ae8d/node_modules/.registry.npmjs.org/get-intrinsic/1.2.4/node_modules/get-intrinsic"
    link: "/rbd/pnpm-volume/dd67a867-ee25-4bee-981a-7488c739ae8d/node_modules/.registry.npmjs.org/call-bind/1.0.7/node_modules/get-intrinsic"
  243 debug pnpm:link: 
    target: "/rbd/pnpm-volume/dd67a867-ee25-4bee-981a-7488c739ae8d/node_modules/.registry.npmjs.org/set-function-length/1.2.2/node_modules/set-function-length"
    link: "/rbd/pnpm-volume/dd67a867-ee25-4bee-981a-7488c739ae8d/node_modules/.registry.npmjs.org/call-bind/1.0.7/node_modules/set-function-length"
  244 debug pnpm:link: 
    target: "/rbd/pnpm-volume/dd67a867-ee25-4bee-981a-7488c739ae8d/node_modules/.registry.npmjs.org/get-intrinsic/1.2.4/node_modules/get-intrinsic"
    link: "/rbd/pnpm-volume/dd67a867-ee25-4bee-981a-7488c739ae8d/node_modules/.registry.npmjs.org/es-define-property/1.0.0/node_modules/get-intrinsic"
  245 debug pnpm:link: 
    target: "/rbd/pnpm-volume/dd67a867-ee25-4bee-981a-7488c739ae8d/node_modules/.registry.npmjs.org/es-errors/1.3.0/node_modules/es-errors"
    link: "/rbd/pnpm-volume/dd67a867-ee25-4bee-981a-7488c739ae8d/node_modules/.registry.npmjs.org/get-intrinsic/1.2.4/node_modules/es-errors"
  246 debug pnpm:link: 
    target: "/rbd/pnpm-volume/dd67a867-ee25-4bee-981a-7488c739ae8d/node_modules/.registry.npmjs.org/function-bind/1.1.2/node_modules/function-bind"
    link: "/rbd/pnpm-volume/dd67a867-ee25-4bee-981a-7488c739ae8d/node_modules/.registry.npmjs.org/get-intrinsic/1.2.4/node_modules/function-bind"
  247 debug pnpm:link: 
    target: "/rbd/pnpm-volume/dd67a867-ee25-4bee-981a-7488c739ae8d/node_modules/.registry.npmjs.org/has-proto/1.0.3/node_modules/has-proto"
    link: "/rbd/pnpm-volume/dd67a867-ee25-4bee-981a-7488c739ae8d/node_modules/.registry.npmjs.org/get-intrinsic/1.2.4/node_modules/has-proto"
  248 debug pnpm:link: 
    target: "/rbd/pnpm-volume/dd67a867-ee25-4bee-981a-7488c739ae8d/node_modules/.registry.npmjs.org/has-symbols/1.0.3/node_modules/has-symbols"
    link: "/rbd/pnpm-volume/dd67a867-ee25-4bee-981a-7488c739ae8d/node_modules/.registry.npmjs.org/get-intrinsic/1.2.4/node_modules/has-symbols"
  249 debug pnpm:link: 
    target: "/rbd/pnpm-volume/dd67a867-ee25-4bee-981a-7488c739ae8d/node_modules/.registry.npmjs.org/hasown/2.0.2/node_modules/hasown"
    link: "/rbd/pnpm-volume/dd67a867-ee25-4bee-981a-7488c739ae8d/node_modules/.registry.npmjs.org/get-intrinsic/1.2.4/node_modules/hasown"
  250 debug pnpm:link: 
    target: "/rbd/pnpm-volume/dd67a867-ee25-4bee-981a-7488c739ae8d/node_modules/.registry.npmjs.org/function-bind/1.1.2/node_modules/function-bind"
    link: "/rbd/pnpm-volume/dd67a867-ee25-4bee-981a-7488c739ae8d/node_modules/.registry.npmjs.org/hasown/2.0.2/node_modules/function-bind"
  251 debug pnpm:link: 
    target: "/rbd/pnpm-volume/dd67a867-ee25-4bee-981a-7488c739ae8d/node_modules/.registry.npmjs.org/define-data-property/1.1.4/node_modules/define-data-property"
    link: "/rbd/pnpm-volume/dd67a867-ee25-4bee-981a-7488c739ae8d/node_modules/.registry.npmjs.org/set-function-length/1.2.2/node_modules/define-data-property"
  252 debug pnpm:link: 
    target: "/rbd/pnpm-volume/dd67a867-ee25-4bee-981a-7488c739ae8d/node_modules/.registry.npmjs.org/es-errors/1.3.0/node_modules/es-errors"
    link: "/rbd/pnpm-volume/dd67a867-ee25-4bee-981a-7488c739ae8d/node_modules/.registry.npmjs.org/set-function-length/1.2.2/node_modules/es-errors"
  253 debug pnpm:link: 
    target: "/rbd/pnpm-volume/dd67a867-ee25-4bee-981a-7488c739ae8d/node_modules/.registry.npmjs.org/function-bind/1.1.2/node_modules/function-bind"
    link: "/rbd/pnpm-volume/dd67a867-ee25-4bee-981a-7488c739ae8d/node_modules/.registry.npmjs.org/set-function-length/1.2.2/node_modules/function-bind"
  254 debug pnpm:link: 
    target: "/rbd/pnpm-volume/dd67a867-ee25-4bee-981a-7488c739ae8d/node_modules/.registry.npmjs.org/get-intrinsic/1.2.4/node_modules/get-intrinsic"
    link: "/rbd/pnpm-volume/dd67a867-ee25-4bee-981a-7488c739ae8d/node_modules/.registry.npmjs.org/set-function-length/1.2.2/node_modules/get-intrinsic"
  255 debug pnpm:link: 
    target: "/rbd/pnpm-volume/dd67a867-ee25-4bee-981a-7488c739ae8d/node_modules/.registry.npmjs.org/gopd/1.0.1/node_modules/gopd"
    link: "/rbd/pnpm-volume/dd67a867-ee25-4bee-981a-7488c739ae8d/node_modules/.registry.npmjs.org/set-function-length/1.2.2/node_modules/gopd"
  256 debug pnpm:link: 
    target: "/rbd/pnpm-volume/dd67a867-ee25-4bee-981a-7488c739ae8d/node_modules/.registry.npmjs.org/has-property-descriptors/1.0.2/node_modules/has-property-descriptors"
    link: "/rbd/pnpm-volume/dd67a867-ee25-4bee-981a-7488c739ae8d/node_modules/.registry.npmjs.org/set-function-length/1.2.2/node_modules/has-property-descriptors"
  257 debug pnpm:link: 
    target: "/rbd/pnpm-volume/dd67a867-ee25-4bee-981a-7488c739ae8d/node_modules/.registry.npmjs.org/es-define-property/1.0.0/node_modules/es-define-property"
    link: "/rbd/pnpm-volume/dd67a867-ee25-4bee-981a-7488c739ae8d/node_modules/.registry.npmjs.org/define-data-property/1.1.4/node_modules/es-define-property"
  258 debug pnpm:link: 
    target: "/rbd/pnpm-volume/dd67a867-ee25-4bee-981a-7488c739ae8d/node_modules/.registry.npmjs.org/es-errors/1.3.0/node_modules/es-errors"
    link: "/rbd/pnpm-volume/dd67a867-ee25-4bee-981a-7488c739ae8d/node_modules/.registry.npmjs.org/define-data-property/1.1.4/node_modules/es-errors"
  259 debug pnpm:link: 
    target: "/rbd/pnpm-volume/dd67a867-ee25-4bee-981a-7488c739ae8d/node_modules/.registry.npmjs.org/gopd/1.0.1/node_modules/gopd"
    link: "/rbd/pnpm-volume/dd67a867-ee25-4bee-981a-7488c739ae8d/node_modules/.registry.npmjs.org/define-data-property/1.1.4/node_modules/gopd"
  260 debug pnpm:link: 
    target: "/rbd/pnpm-volume/dd67a867-ee25-4bee-981a-7488c739ae8d/node_modules/.registry.npmjs.org/get-intrinsic/1.2.4/node_modules/get-intrinsic"
    link: "/rbd/pnpm-volume/dd67a867-ee25-4bee-981a-7488c739ae8d/node_modules/.registry.npmjs.org/gopd/1.0.1/node_modules/get-intrinsic"
  261 debug pnpm:link: 
    target: "/rbd/pnpm-volume/dd67a867-ee25-4bee-981a-7488c739ae8d/node_modules/.registry.npmjs.org/es-define-property/1.0.0/node_modules/es-define-property"
    link: "/rbd/pnpm-volume/dd67a867-ee25-4bee-981a-7488c739ae8d/node_modules/.registry.npmjs.org/has-property-descriptors/1.0.2/node_modules/es-define-property"
  262 debug pnpm:link: 
    target: "/rbd/pnpm-volume/dd67a867-ee25-4bee-981a-7488c739ae8d/node_modules/.registry.npmjs.org/bytes/3.1.2/node_modules/bytes"
    link: "/rbd/pnpm-volume/dd67a867-ee25-4bee-981a-7488c739ae8d/node_modules/.registry.npmjs.org/raw-body/2.5.2/node_modules/bytes"
  263 debug pnpm:link: 
    target: "/rbd/pnpm-volume/dd67a867-ee25-4bee-981a-7488c739ae8d/node_modules/.registry.npmjs.org/http-errors/2.0.0/node_modules/http-errors"
    link: "/rbd/pnpm-volume/dd67a867-ee25-4bee-981a-7488c739ae8d/node_modules/.registry.npmjs.org/raw-body/2.5.2/node_modules/http-errors"
  264 debug pnpm:link: 
    target: "/rbd/pnpm-volume/dd67a867-ee25-4bee-981a-7488c739ae8d/node_modules/.registry.npmjs.org/iconv-lite/0.4.24/node_modules/iconv-lite"
    link: "/rbd/pnpm-volume/dd67a867-ee25-4bee-981a-7488c739ae8d/node_modules/.registry.npmjs.org/raw-body/2.5.2/node_modules/iconv-lite"
  265 debug pnpm:link: 
    target: "/rbd/pnpm-volume/dd67a867-ee25-4bee-981a-7488c739ae8d/node_modules/.registry.npmjs.org/unpipe/1.0.0/node_modules/unpipe"
    link: "/rbd/pnpm-volume/dd67a867-ee25-4bee-981a-7488c739ae8d/node_modules/.registry.npmjs.org/raw-body/2.5.2/node_modules/unpipe"
  266 debug pnpm:link: 
    target: "/rbd/pnpm-volume/dd67a867-ee25-4bee-981a-7488c739ae8d/node_modules/.registry.npmjs.org/media-typer/0.3.0/node_modules/media-typer"
    link: "/rbd/pnpm-volume/dd67a867-ee25-4bee-981a-7488c739ae8d/node_modules/.registry.npmjs.org/type-is/1.6.18/node_modules/media-typer"
  267 debug pnpm:link: 
    target: "/rbd/pnpm-volume/dd67a867-ee25-4bee-981a-7488c739ae8d/node_modules/.registry.npmjs.org/mime-types/2.1.35/node_modules/mime-types"
    link: "/rbd/pnpm-volume/dd67a867-ee25-4bee-981a-7488c739ae8d/node_modules/.registry.npmjs.org/type-is/1.6.18/node_modules/mime-types"
  268 debug pnpm:link: 
    target: "/rbd/pnpm-volume/dd67a867-ee25-4bee-981a-7488c739ae8d/node_modules/.registry.npmjs.org/safe-buffer/5.2.1/node_modules/safe-buffer"
    link: "/rbd/pnpm-volume/dd67a867-ee25-4bee-981a-7488c739ae8d/node_modules/.registry.npmjs.org/content-disposition/0.5.4/node_modules/safe-buffer"
  269 debug pnpm:link: 
    target: "/rbd/pnpm-volume/dd67a867-ee25-4bee-981a-7488c739ae8d/node_modules/.registry.npmjs.org/debug/2.6.9/node_modules/debug"
    link: "/rbd/pnpm-volume/dd67a867-ee25-4bee-981a-7488c739ae8d/node_modules/.registry.npmjs.org/finalhandler/1.2.0/node_modules/debug"
  270 debug pnpm:link: 
    target: "/rbd/pnpm-volume/dd67a867-ee25-4bee-981a-7488c739ae8d/node_modules/.registry.npmjs.org/encodeurl/1.0.2/node_modules/encodeurl"
    link: "/rbd/pnpm-volume/dd67a867-ee25-4bee-981a-7488c739ae8d/node_modules/.registry.npmjs.org/finalhandler/1.2.0/node_modules/encodeurl"
  271 debug pnpm:link: 
    target: "/rbd/pnpm-volume/dd67a867-ee25-4bee-981a-7488c739ae8d/node_modules/.registry.npmjs.org/escape-html/1.0.3/node_modules/escape-html"
    link: "/rbd/pnpm-volume/dd67a867-ee25-4bee-981a-7488c739ae8d/node_modules/.registry.npmjs.org/finalhandler/1.2.0/node_modules/escape-html"
  272 debug pnpm:link: 
    target: "/rbd/pnpm-volume/dd67a867-ee25-4bee-981a-7488c739ae8d/node_modules/.registry.npmjs.org/on-finished/2.4.1/node_modules/on-finished"
    link: "/rbd/pnpm-volume/dd67a867-ee25-4bee-981a-7488c739ae8d/node_modules/.registry.npmjs.org/finalhandler/1.2.0/node_modules/on-finished"
  273 debug pnpm:link: 
    target: "/rbd/pnpm-volume/dd67a867-ee25-4bee-981a-7488c739ae8d/node_modules/.registry.npmjs.org/parseurl/1.3.3/node_modules/parseurl"
    link: "/rbd/pnpm-volume/dd67a867-ee25-4bee-981a-7488c739ae8d/node_modules/.registry.npmjs.org/finalhandler/1.2.0/node_modules/parseurl"
  274 debug pnpm:link: 
    target: "/rbd/pnpm-volume/dd67a867-ee25-4bee-981a-7488c739ae8d/node_modules/.registry.npmjs.org/statuses/2.0.1/node_modules/statuses"
    link: "/rbd/pnpm-volume/dd67a867-ee25-4bee-981a-7488c739ae8d/node_modules/.registry.npmjs.org/finalhandler/1.2.0/node_modules/statuses"
  275 debug pnpm:link: 
    target: "/rbd/pnpm-volume/dd67a867-ee25-4bee-981a-7488c739ae8d/node_modules/.registry.npmjs.org/unpipe/1.0.0/node_modules/unpipe"
    link: "/rbd/pnpm-volume/dd67a867-ee25-4bee-981a-7488c739ae8d/node_modules/.registry.npmjs.org/finalhandler/1.2.0/node_modules/unpipe"
  276 debug pnpm:link: 
    target: "/rbd/pnpm-volume/dd67a867-ee25-4bee-981a-7488c739ae8d/node_modules/.registry.npmjs.org/forwarded/0.2.0/node_modules/forwarded"
    link: "/rbd/pnpm-volume/dd67a867-ee25-4bee-981a-7488c739ae8d/node_modules/.registry.npmjs.org/proxy-addr/2.0.7/node_modules/forwarded"
  277 debug pnpm:link: 
    target: "/rbd/pnpm-volume/dd67a867-ee25-4bee-981a-7488c739ae8d/node_modules/.registry.npmjs.org/ipaddr.js/1.9.1/node_modules/ipaddr.js"
    link: "/rbd/pnpm-volume/dd67a867-ee25-4bee-981a-7488c739ae8d/node_modules/.registry.npmjs.org/proxy-addr/2.0.7/node_modules/ipaddr.js"
  278 debug pnpm:link: 
    target: "/rbd/pnpm-volume/dd67a867-ee25-4bee-981a-7488c739ae8d/node_modules/.registry.npmjs.org/debug/2.6.9/node_modules/debug"
    link: "/rbd/pnpm-volume/dd67a867-ee25-4bee-981a-7488c739ae8d/node_modules/.registry.npmjs.org/send/0.18.0/node_modules/debug"
  279 debug pnpm:link: 
    target: "/rbd/pnpm-volume/dd67a867-ee25-4bee-981a-7488c739ae8d/node_modules/.registry.npmjs.org/depd/2.0.0/node_modules/depd"
    link: "/rbd/pnpm-volume/dd67a867-ee25-4bee-981a-7488c739ae8d/node_modules/.registry.npmjs.org/send/0.18.0/node_modules/depd"
  280 debug pnpm:link: 
    target: "/rbd/pnpm-volume/dd67a867-ee25-4bee-981a-7488c739ae8d/node_modules/.registry.npmjs.org/destroy/1.2.0/node_modules/destroy"
    link: "/rbd/pnpm-volume/dd67a867-ee25-4bee-981a-7488c739ae8d/node_modules/.registry.npmjs.org/send/0.18.0/node_modules/destroy"
  281 debug pnpm:link: 
    target: "/rbd/pnpm-volume/dd67a867-ee25-4bee-981a-7488c739ae8d/node_modules/.registry.npmjs.org/encodeurl/1.0.2/node_modules/encodeurl"
    link: "/rbd/pnpm-volume/dd67a867-ee25-4bee-981a-7488c739ae8d/node_modules/.registry.npmjs.org/send/0.18.0/node_modules/encodeurl"
  282 debug pnpm:link: 
    target: "/rbd/pnpm-volume/dd67a867-ee25-4bee-981a-7488c739ae8d/node_modules/.registry.npmjs.org/escape-html/1.0.3/node_modules/escape-html"
    link: "/rbd/pnpm-volume/dd67a867-ee25-4bee-981a-7488c739ae8d/node_modules/.registry.npmjs.org/send/0.18.0/node_modules/escape-html"
  283 debug pnpm:link: 
    target: "/rbd/pnpm-volume/dd67a867-ee25-4bee-981a-7488c739ae8d/node_modules/.registry.npmjs.org/etag/1.8.1/node_modules/etag"
    link: "/rbd/pnpm-volume/dd67a867-ee25-4bee-981a-7488c739ae8d/node_modules/.registry.npmjs.org/send/0.18.0/node_modules/etag"
  284 debug pnpm:link: 
    target: "/rbd/pnpm-volume/dd67a867-ee25-4bee-981a-7488c739ae8d/node_modules/.registry.npmjs.org/fresh/0.5.2/node_modules/fresh"
    link: "/rbd/pnpm-volume/dd67a867-ee25-4bee-981a-7488c739ae8d/node_modules/.registry.npmjs.org/send/0.18.0/node_modules/fresh"
  285 debug pnpm:link: 
    target: "/rbd/pnpm-volume/dd67a867-ee25-4bee-981a-7488c739ae8d/node_modules/.registry.npmjs.org/http-errors/2.0.0/node_modules/http-errors"
    link: "/rbd/pnpm-volume/dd67a867-ee25-4bee-981a-7488c739ae8d/node_modules/.registry.npmjs.org/send/0.18.0/node_modules/http-errors"
  286 debug pnpm:link: 
    target: "/rbd/pnpm-volume/dd67a867-ee25-4bee-981a-7488c739ae8d/node_modules/.registry.npmjs.org/mime/1.6.0/node_modules/mime"
    link: "/rbd/pnpm-volume/dd67a867-ee25-4bee-981a-7488c739ae8d/node_modules/.registry.npmjs.org/send/0.18.0/node_modules/mime"
  287 debug pnpm:link: 
    target: "/rbd/pnpm-volume/dd67a867-ee25-4bee-981a-7488c739ae8d/node_modules/.registry.npmjs.org/ms/2.1.3/node_modules/ms"
    link: "/rbd/pnpm-volume/dd67a867-ee25-4bee-981a-7488c739ae8d/node_modules/.registry.npmjs.org/send/0.18.0/node_modules/ms"
  288 debug pnpm:link: 
    target: "/rbd/pnpm-volume/dd67a867-ee25-4bee-981a-7488c739ae8d/node_modules/.registry.npmjs.org/on-finished/2.4.1/node_modules/on-finished"
    link: "/rbd/pnpm-volume/dd67a867-ee25-4bee-981a-7488c739ae8d/node_modules/.registry.npmjs.org/send/0.18.0/node_modules/on-finished"
  289 debug pnpm:link: 
    target: "/rbd/pnpm-volume/dd67a867-ee25-4bee-981a-7488c739ae8d/node_modules/.registry.npmjs.org/range-parser/1.2.1/node_modules/range-parser"
    link: "/rbd/pnpm-volume/dd67a867-ee25-4bee-981a-7488c739ae8d/node_modules/.registry.npmjs.org/send/0.18.0/node_modules/range-parser"
  290 debug pnpm:link: 
    target: "/rbd/pnpm-volume/dd67a867-ee25-4bee-981a-7488c739ae8d/node_modules/.registry.npmjs.org/statuses/2.0.1/node_modules/statuses"
    link: "/rbd/pnpm-volume/dd67a867-ee25-4bee-981a-7488c739ae8d/node_modules/.registry.npmjs.org/send/0.18.0/node_modules/statuses"
  291 debug pnpm:link: 
    target: "/rbd/pnpm-volume/dd67a867-ee25-4bee-981a-7488c739ae8d/node_modules/.registry.npmjs.org/encodeurl/1.0.2/node_modules/encodeurl"
    link: "/rbd/pnpm-volume/dd67a867-ee25-4bee-981a-7488c739ae8d/node_modules/.registry.npmjs.org/serve-static/1.15.0/node_modules/encodeurl"
  292 debug pnpm:link: 
    target: "/rbd/pnpm-volume/dd67a867-ee25-4bee-981a-7488c739ae8d/node_modules/.registry.npmjs.org/escape-html/1.0.3/node_modules/escape-html"
    link: "/rbd/pnpm-volume/dd67a867-ee25-4bee-981a-7488c739ae8d/node_modules/.registry.npmjs.org/serve-static/1.15.0/node_modules/escape-html"
  293 debug pnpm:link: 
    target: "/rbd/pnpm-volume/dd67a867-ee25-4bee-981a-7488c739ae8d/node_modules/.registry.npmjs.org/parseurl/1.3.3/node_modules/parseurl"
    link: "/rbd/pnpm-volume/dd67a867-ee25-4bee-981a-7488c739ae8d/node_modules/.registry.npmjs.org/serve-static/1.15.0/node_modules/parseurl"
  294 debug pnpm:link: 
    target: "/rbd/pnpm-volume/dd67a867-ee25-4bee-981a-7488c739ae8d/node_modules/.registry.npmjs.org/send/0.18.0/node_modules/send"
    link: "/rbd/pnpm-volume/dd67a867-ee25-4bee-981a-7488c739ae8d/node_modules/.registry.npmjs.org/serve-static/1.15.0/node_modules/send"
  295 debug pnpm:stage: 
    prefix: "/app"
    stage: "importing_done"
  296 debug pnpm:link: 
    target: "/rbd/pnpm-volume/dd67a867-ee25-4bee-981a-7488c739ae8d/node_modules/.registry.npmjs.org/express/4.18.3/node_modules/express"
    link: "/rbd/pnpm-volume/dd67a867-ee25-4bee-981a-7488c739ae8d/node_modules/express"
  297 debug pnpm:link: 
    target: "/rbd/pnpm-volume/dd67a867-ee25-4bee-981a-7488c739ae8d/node_modules/.registry.npmjs.org/accepts/1.3.8/node_modules/accepts"
    link: "/rbd/pnpm-volume/dd67a867-ee25-4bee-981a-7488c739ae8d/node_modules/accepts"
  298 debug pnpm:link: 
    target: "/rbd/pnpm-volume/dd67a867-ee25-4bee-981a-7488c739ae8d/node_modules/.registry.npmjs.org/array-flatten/1.1.1/node_modules/array-flatten"
    link: "/rbd/pnpm-volume/dd67a867-ee25-4bee-981a-7488c739ae8d/node_modules/array-flatten"
  299 debug pnpm:link: 
    target: "/rbd/pnpm-volume/dd67a867-ee25-4bee-981a-7488c739ae8d/node_modules/.registry.npmjs.org/body-parser/1.20.2/node_modules/body-parser"
    link: "/rbd/pnpm-volume/dd67a867-ee25-4bee-981a-7488c739ae8d/node_modules/body-parser"
  300 debug pnpm:link: 
    target: "/rbd/pnpm-volume/dd67a867-ee25-4bee-981a-7488c739ae8d/node_modules/.registry.npmjs.org/content-disposition/0.5.4/node_modules/content-disposition"
    link: "/rbd/pnpm-volume/dd67a867-ee25-4bee-981a-7488c739ae8d/node_modules/content-disposition"
  301 debug pnpm:link: 
    target: "/rbd/pnpm-volume/dd67a867-ee25-4bee-981a-7488c739ae8d/node_modules/.registry.npmjs.org/content-type/1.0.5/node_modules/content-type"
    link: "/rbd/pnpm-volume/dd67a867-ee25-4bee-981a-7488c739ae8d/node_modules/content-type"
  302 debug pnpm:link: 
    target: "/rbd/pnpm-volume/dd67a867-ee25-4bee-981a-7488c739ae8d/node_modules/.registry.npmjs.org/cookie/0.5.0/node_modules/cookie"
    link: "/rbd/pnpm-volume/dd67a867-ee25-4bee-981a-7488c739ae8d/node_modules/cookie"
  303 debug pnpm:link: 
    target: "/rbd/pnpm-volume/dd67a867-ee25-4bee-981a-7488c739ae8d/node_modules/.registry.npmjs.org/cookie-signature/1.0.6/node_modules/cookie-signature"
    link: "/rbd/pnpm-volume/dd67a867-ee25-4bee-981a-7488c739ae8d/node_modules/cookie-signature"
  304 debug pnpm:link: 
    target: "/rbd/pnpm-volume/dd67a867-ee25-4bee-981a-7488c739ae8d/node_modules/.registry.npmjs.org/debug/2.6.9/node_modules/debug"
    link: "/rbd/pnpm-volume/dd67a867-ee25-4bee-981a-7488c739ae8d/node_modules/debug"
  305 debug pnpm:link: 
    target: "/rbd/pnpm-volume/dd67a867-ee25-4bee-981a-7488c739ae8d/node_modules/.registry.npmjs.org/depd/2.0.0/node_modules/depd"
    link: "/rbd/pnpm-volume/dd67a867-ee25-4bee-981a-7488c739ae8d/node_modules/depd"
  306 debug pnpm:link: 
    target: "/rbd/pnpm-volume/dd67a867-ee25-4bee-981a-7488c739ae8d/node_modules/.registry.npmjs.org/encodeurl/1.0.2/node_modules/encodeurl"
    link: "/rbd/pnpm-volume/dd67a867-ee25-4bee-981a-7488c739ae8d/node_modules/encodeurl"
  307 debug pnpm:link: 
    target: "/rbd/pnpm-volume/dd67a867-ee25-4bee-981a-7488c739ae8d/node_modules/.registry.npmjs.org/escape-html/1.0.3/node_modules/escape-html"
    link: "/rbd/pnpm-volume/dd67a867-ee25-4bee-981a-7488c739ae8d/node_modules/escape-html"
  308 debug pnpm:link: 
    target: "/rbd/pnpm-volume/dd67a867-ee25-4bee-981a-7488c739ae8d/node_modules/.registry.npmjs.org/etag/1.8.1/node_modules/etag"
    link: "/rbd/pnpm-volume/dd67a867-ee25-4bee-981a-7488c739ae8d/node_modules/etag"
  309 debug pnpm:link: 
    target: "/rbd/pnpm-volume/dd67a867-ee25-4bee-981a-7488c739ae8d/node_modules/.registry.npmjs.org/finalhandler/1.2.0/node_modules/finalhandler"
    link: "/rbd/pnpm-volume/dd67a867-ee25-4bee-981a-7488c739ae8d/node_modules/finalhandler"
  310 debug pnpm:link: 
    target: "/rbd/pnpm-volume/dd67a867-ee25-4bee-981a-7488c739ae8d/node_modules/.registry.npmjs.org/fresh/0.5.2/node_modules/fresh"
    link: "/rbd/pnpm-volume/dd67a867-ee25-4bee-981a-7488c739ae8d/node_modules/fresh"
  311 debug pnpm:link: 
    target: "/rbd/pnpm-volume/dd67a867-ee25-4bee-981a-7488c739ae8d/node_modules/.registry.npmjs.org/http-errors/2.0.0/node_modules/http-errors"
    link: "/rbd/pnpm-volume/dd67a867-ee25-4bee-981a-7488c739ae8d/node_modules/http-errors"
  312 debug pnpm:link: 
    target: "/rbd/pnpm-volume/dd67a867-ee25-4bee-981a-7488c739ae8d/node_modules/.registry.npmjs.org/merge-descriptors/1.0.1/node_modules/merge-descriptors"
    link: "/rbd/pnpm-volume/dd67a867-ee25-4bee-981a-7488c739ae8d/node_modules/merge-descriptors"
  313 debug pnpm:link: 
    target: "/rbd/pnpm-volume/dd67a867-ee25-4bee-981a-7488c739ae8d/node_modules/.registry.npmjs.org/methods/1.1.2/node_modules/methods"
    link: "/rbd/pnpm-volume/dd67a867-ee25-4bee-981a-7488c739ae8d/node_modules/methods"
  314 debug pnpm:link: 
    target: "/rbd/pnpm-volume/dd67a867-ee25-4bee-981a-7488c739ae8d/node_modules/.registry.npmjs.org/on-finished/2.4.1/node_modules/on-finished"
    link: "/rbd/pnpm-volume/dd67a867-ee25-4bee-981a-7488c739ae8d/node_modules/on-finished"
  315 debug pnpm:link: 
    target: "/rbd/pnpm-volume/dd67a867-ee25-4bee-981a-7488c739ae8d/node_modules/.registry.npmjs.org/parseurl/1.3.3/node_modules/parseurl"
    link: "/rbd/pnpm-volume/dd67a867-ee25-4bee-981a-7488c739ae8d/node_modules/parseurl"
  316 debug pnpm:link: 
    target: "/rbd/pnpm-volume/dd67a867-ee25-4bee-981a-7488c739ae8d/node_modules/.registry.npmjs.org/path-to-regexp/0.1.7/node_modules/path-to-regexp"
    link: "/rbd/pnpm-volume/dd67a867-ee25-4bee-981a-7488c739ae8d/node_modules/path-to-regexp"
  317 debug pnpm:link: 
    target: "/rbd/pnpm-volume/dd67a867-ee25-4bee-981a-7488c739ae8d/node_modules/.registry.npmjs.org/proxy-addr/2.0.7/node_modules/proxy-addr"
    link: "/rbd/pnpm-volume/dd67a867-ee25-4bee-981a-7488c739ae8d/node_modules/proxy-addr"
  318 debug pnpm:link: 
    target: "/rbd/pnpm-volume/dd67a867-ee25-4bee-981a-7488c739ae8d/node_modules/.registry.npmjs.org/qs/6.11.0/node_modules/qs"
    link: "/rbd/pnpm-volume/dd67a867-ee25-4bee-981a-7488c739ae8d/node_modules/qs"
  319 debug pnpm:link: 
    target: "/rbd/pnpm-volume/dd67a867-ee25-4bee-981a-7488c739ae8d/node_modules/.registry.npmjs.org/range-parser/1.2.1/node_modules/range-parser"
    link: "/rbd/pnpm-volume/dd67a867-ee25-4bee-981a-7488c739ae8d/node_modules/range-parser"
  320 debug pnpm:link: 
    target: "/rbd/pnpm-volume/dd67a867-ee25-4bee-981a-7488c739ae8d/node_modules/.registry.npmjs.org/safe-buffer/5.2.1/node_modules/safe-buffer"
    link: "/rbd/pnpm-volume/dd67a867-ee25-4bee-981a-7488c739ae8d/node_modules/safe-buffer"
  321 debug pnpm:link: 
    target: "/rbd/pnpm-volume/dd67a867-ee25-4bee-981a-7488c739ae8d/node_modules/.registry.npmjs.org/send/0.18.0/node_modules/send"
    link: "/rbd/pnpm-volume/dd67a867-ee25-4bee-981a-7488c739ae8d/node_modules/send"
  322 debug pnpm:link: 
    target: "/rbd/pnpm-volume/dd67a867-ee25-4bee-981a-7488c739ae8d/node_modules/.registry.npmjs.org/serve-static/1.15.0/node_modules/serve-static"
    link: "/rbd/pnpm-volume/dd67a867-ee25-4bee-981a-7488c739ae8d/node_modules/serve-static"
  323 debug pnpm:link: 
    target: "/rbd/pnpm-volume/dd67a867-ee25-4bee-981a-7488c739ae8d/node_modules/.registry.npmjs.org/setprototypeof/1.2.0/node_modules/setprototypeof"
    link: "/rbd/pnpm-volume/dd67a867-ee25-4bee-981a-7488c739ae8d/node_modules/setprototypeof"
  324 debug pnpm:link: 
    target: "/rbd/pnpm-volume/dd67a867-ee25-4bee-981a-7488c739ae8d/node_modules/.registry.npmjs.org/statuses/2.0.1/node_modules/statuses"
    link: "/rbd/pnpm-volume/dd67a867-ee25-4bee-981a-7488c739ae8d/node_modules/statuses"
  325 debug pnpm:link: 
    target: "/rbd/pnpm-volume/dd67a867-ee25-4bee-981a-7488c739ae8d/node_modules/.registry.npmjs.org/type-is/1.6.18/node_modules/type-is"
    link: "/rbd/pnpm-volume/dd67a867-ee25-4bee-981a-7488c739ae8d/node_modules/type-is"
  326 debug pnpm:link: 
    target: "/rbd/pnpm-volume/dd67a867-ee25-4bee-981a-7488c739ae8d/node_modules/.registry.npmjs.org/utils-merge/1.0.1/node_modules/utils-merge"
    link: "/rbd/pnpm-volume/dd67a867-ee25-4bee-981a-7488c739ae8d/node_modules/utils-merge"
  327 debug pnpm:link: 
    target: "/rbd/pnpm-volume/dd67a867-ee25-4bee-981a-7488c739ae8d/node_modules/.registry.npmjs.org/vary/1.1.2/node_modules/vary"
    link: "/rbd/pnpm-volume/dd67a867-ee25-4bee-981a-7488c739ae8d/node_modules/vary"
  328 debug pnpm:link: 
    target: "/rbd/pnpm-volume/dd67a867-ee25-4bee-981a-7488c739ae8d/node_modules/.registry.npmjs.org/bytes/3.1.2/node_modules/bytes"
    link: "/rbd/pnpm-volume/dd67a867-ee25-4bee-981a-7488c739ae8d/node_modules/bytes"
  329 debug pnpm:link: 
    target: "/rbd/pnpm-volume/dd67a867-ee25-4bee-981a-7488c739ae8d/node_modules/.registry.npmjs.org/destroy/1.2.0/node_modules/destroy"
    link: "/rbd/pnpm-volume/dd67a867-ee25-4bee-981a-7488c739ae8d/node_modules/destroy"
  330 debug pnpm:link: 
    target: "/rbd/pnpm-volume/dd67a867-ee25-4bee-981a-7488c739ae8d/node_modules/.registry.npmjs.org/ee-first/1.1.1/node_modules/ee-first"
    link: "/rbd/pnpm-volume/dd67a867-ee25-4bee-981a-7488c739ae8d/node_modules/ee-first"
  331 debug pnpm:link: 
    target: "/rbd/pnpm-volume/dd67a867-ee25-4bee-981a-7488c739ae8d/node_modules/.registry.npmjs.org/forwarded/0.2.0/node_modules/forwarded"
    link: "/rbd/pnpm-volume/dd67a867-ee25-4bee-981a-7488c739ae8d/node_modules/forwarded"
  332 debug pnpm:link: 
    target: "/rbd/pnpm-volume/dd67a867-ee25-4bee-981a-7488c739ae8d/node_modules/.registry.npmjs.org/iconv-lite/0.4.24/node_modules/iconv-lite"
    link: "/rbd/pnpm-volume/dd67a867-ee25-4bee-981a-7488c739ae8d/node_modules/iconv-lite"
  333 debug pnpm:link: 
    target: "/rbd/pnpm-volume/dd67a867-ee25-4bee-981a-7488c739ae8d/node_modules/.registry.npmjs.org/inherits/2.0.4/node_modules/inherits"
    link: "/rbd/pnpm-volume/dd67a867-ee25-4bee-981a-7488c739ae8d/node_modules/inherits"
  334 debug pnpm:link: 
    target: "/rbd/pnpm-volume/dd67a867-ee25-4bee-981a-7488c739ae8d/node_modules/.registry.npmjs.org/ipaddr.js/1.9.1/node_modules/ipaddr.js"
    link: "/rbd/pnpm-volume/dd67a867-ee25-4bee-981a-7488c739ae8d/node_modules/ipaddr.js"
  335 debug pnpm:link: 
    target: "/rbd/pnpm-volume/dd67a867-ee25-4bee-981a-7488c739ae8d/node_modules/.registry.npmjs.org/media-typer/0.3.0/node_modules/media-typer"
    link: "/rbd/pnpm-volume/dd67a867-ee25-4bee-981a-7488c739ae8d/node_modules/media-typer"
  336 debug pnpm:link: 
    target: "/rbd/pnpm-volume/dd67a867-ee25-4bee-981a-7488c739ae8d/node_modules/.registry.npmjs.org/mime/1.6.0/node_modules/mime"
    link: "/rbd/pnpm-volume/dd67a867-ee25-4bee-981a-7488c739ae8d/node_modules/mime"
  337 debug pnpm:link: 
    target: "/rbd/pnpm-volume/dd67a867-ee25-4bee-981a-7488c739ae8d/node_modules/.registry.npmjs.org/mime-types/2.1.35/node_modules/mime-types"
    link: "/rbd/pnpm-volume/dd67a867-ee25-4bee-981a-7488c739ae8d/node_modules/mime-types"
  338 debug pnpm:link: 
    target: "/rbd/pnpm-volume/dd67a867-ee25-4bee-981a-7488c739ae8d/node_modules/.registry.npmjs.org/ms/2.0.0/node_modules/ms"
    link: "/rbd/pnpm-volume/dd67a867-ee25-4bee-981a-7488c739ae8d/node_modules/ms"
  339 debug pnpm:link: 
    target: "/rbd/pnpm-volume/dd67a867-ee25-4bee-981a-7488c739ae8d/node_modules/.registry.npmjs.org/negotiator/0.6.3/node_modules/negotiator"
    link: "/rbd/pnpm-volume/dd67a867-ee25-4bee-981a-7488c739ae8d/node_modules/negotiator"
  340 debug pnpm:link: 
    target: "/rbd/pnpm-volume/dd67a867-ee25-4bee-981a-7488c739ae8d/node_modules/.registry.npmjs.org/raw-body/2.5.2/node_modules/raw-body"
    link: "/rbd/pnpm-volume/dd67a867-ee25-4bee-981a-7488c739ae8d/node_modules/raw-body"
  341 debug pnpm:link: 
    target: "/rbd/pnpm-volume/dd67a867-ee25-4bee-981a-7488c739ae8d/node_modules/.registry.npmjs.org/side-channel/1.0.6/node_modules/side-channel"
    link: "/rbd/pnpm-volume/dd67a867-ee25-4bee-981a-7488c739ae8d/node_modules/side-channel"
  342 debug pnpm:link: 
    target: "/rbd/pnpm-volume/dd67a867-ee25-4bee-981a-7488c739ae8d/node_modules/.registry.npmjs.org/toidentifier/1.0.1/node_modules/toidentifier"
    link: "/rbd/pnpm-volume/dd67a867-ee25-4bee-981a-7488c739ae8d/node_modules/toidentifier"
  343 debug pnpm:link: 
    target: "/rbd/pnpm-volume/dd67a867-ee25-4bee-981a-7488c739ae8d/node_modules/.registry.npmjs.org/unpipe/1.0.0/node_modules/unpipe"
    link: "/rbd/pnpm-volume/dd67a867-ee25-4bee-981a-7488c739ae8d/node_modules/unpipe"
  344 debug pnpm:link: 
    target: "/rbd/pnpm-volume/dd67a867-ee25-4bee-981a-7488c739ae8d/node_modules/.registry.npmjs.org/call-bind/1.0.7/node_modules/call-bind"
    link: "/rbd/pnpm-volume/dd67a867-ee25-4bee-981a-7488c739ae8d/node_modules/call-bind"
  345 debug pnpm:link: 
    target: "/rbd/pnpm-volume/dd67a867-ee25-4bee-981a-7488c739ae8d/node_modules/.registry.npmjs.org/es-errors/1.3.0/node_modules/es-errors"
    link: "/rbd/pnpm-volume/dd67a867-ee25-4bee-981a-7488c739ae8d/node_modules/es-errors"
  346 debug pnpm:link: 
    target: "/rbd/pnpm-volume/dd67a867-ee25-4bee-981a-7488c739ae8d/node_modules/.registry.npmjs.org/get-intrinsic/1.2.4/node_modules/get-intrinsic"
    link: "/rbd/pnpm-volume/dd67a867-ee25-4bee-981a-7488c739ae8d/node_modules/get-intrinsic"
  347 debug pnpm:link: 
    target: "/rbd/pnpm-volume/dd67a867-ee25-4bee-981a-7488c739ae8d/node_modules/.registry.npmjs.org/mime-db/1.52.0/node_modules/mime-db"
    link: "/rbd/pnpm-volume/dd67a867-ee25-4bee-981a-7488c739ae8d/node_modules/mime-db"
  348 debug pnpm:link: 
    target: "/rbd/pnpm-volume/dd67a867-ee25-4bee-981a-7488c739ae8d/node_modules/.registry.npmjs.org/object-inspect/1.13.1/node_modules/object-inspect"
    link: "/rbd/pnpm-volume/dd67a867-ee25-4bee-981a-7488c739ae8d/node_modules/object-inspect"
  349 debug pnpm:link: 
    target: "/rbd/pnpm-volume/dd67a867-ee25-4bee-981a-7488c739ae8d/node_modules/.registry.npmjs.org/safer-buffer/2.1.2/node_modules/safer-buffer"
    link: "/rbd/pnpm-volume/dd67a867-ee25-4bee-981a-7488c739ae8d/node_modules/safer-buffer"
  350 debug pnpm:link: 
    target: "/rbd/pnpm-volume/dd67a867-ee25-4bee-981a-7488c739ae8d/node_modules/.registry.npmjs.org/es-define-property/1.0.0/node_modules/es-define-property"
    link: "/rbd/pnpm-volume/dd67a867-ee25-4bee-981a-7488c739ae8d/node_modules/es-define-property"
  351 debug pnpm:link: 
    target: "/rbd/pnpm-volume/dd67a867-ee25-4bee-981a-7488c739ae8d/node_modules/.registry.npmjs.org/function-bind/1.1.2/node_modules/function-bind"
    link: "/rbd/pnpm-volume/dd67a867-ee25-4bee-981a-7488c739ae8d/node_modules/function-bind"
  352 debug pnpm:link: 
    target: "/rbd/pnpm-volume/dd67a867-ee25-4bee-981a-7488c739ae8d/node_modules/.registry.npmjs.org/has-proto/1.0.3/node_modules/has-proto"
    link: "/rbd/pnpm-volume/dd67a867-ee25-4bee-981a-7488c739ae8d/node_modules/has-proto"
  353 debug pnpm:link: 
    target: "/rbd/pnpm-volume/dd67a867-ee25-4bee-981a-7488c739ae8d/node_modules/.registry.npmjs.org/has-symbols/1.0.3/node_modules/has-symbols"
    link: "/rbd/pnpm-volume/dd67a867-ee25-4bee-981a-7488c739ae8d/node_modules/has-symbols"
  354 debug pnpm:link: 
    target: "/rbd/pnpm-volume/dd67a867-ee25-4bee-981a-7488c739ae8d/node_modules/.registry.npmjs.org/hasown/2.0.2/node_modules/hasown"
    link: "/rbd/pnpm-volume/dd67a867-ee25-4bee-981a-7488c739ae8d/node_modules/hasown"
  355 debug pnpm:link: 
    target: "/rbd/pnpm-volume/dd67a867-ee25-4bee-981a-7488c739ae8d/node_modules/.registry.npmjs.org/set-function-length/1.2.2/node_modules/set-function-length"
    link: "/rbd/pnpm-volume/dd67a867-ee25-4bee-981a-7488c739ae8d/node_modules/set-function-length"
  356 debug pnpm:link: 
    target: "/rbd/pnpm-volume/dd67a867-ee25-4bee-981a-7488c739ae8d/node_modules/.registry.npmjs.org/define-data-property/1.1.4/node_modules/define-data-property"
    link: "/rbd/pnpm-volume/dd67a867-ee25-4bee-981a-7488c739ae8d/node_modules/define-data-property"
  357 debug pnpm:link: 
    target: "/rbd/pnpm-volume/dd67a867-ee25-4bee-981a-7488c739ae8d/node_modules/.registry.npmjs.org/gopd/1.0.1/node_modules/gopd"
    link: "/rbd/pnpm-volume/dd67a867-ee25-4bee-981a-7488c739ae8d/node_modules/gopd"
  358 debug pnpm:link: 
    target: "/rbd/pnpm-volume/dd67a867-ee25-4bee-981a-7488c739ae8d/node_modules/.registry.npmjs.org/has-property-descriptors/1.0.2/node_modules/has-property-descriptors"
    link: "/rbd/pnpm-volume/dd67a867-ee25-4bee-981a-7488c739ae8d/node_modules/has-property-descriptors"
  359 error pnpm: 
    message: 
      errno: -2
      code: "ENOENT"
      syscall: "chmod"
      path: "/rbd/pnpm-volume/dd67a867-ee25-4bee-981a-7488c739ae8d/node_modules/node/bin/node"
    err: 
      name: "Error"
      message: "ENOENT: no such file or directory, chmod '/rbd/pnpm-volume/dd67a867-ee25-4bee-981a-7488c739ae8d/node_modules/node/bin/node'"
      code: "ENOENT"
      stack: "Error: ENOENT: no such file or directory, chmod '/rbd/pnpm-volume/dd67a867-ee25-4bee-981a-7488c739ae8d/node_modules/node/bin/node'"
